[1.835s] DEBUG:colcon:Command line arguments: ['/usr/bin/colcon', 'build']
[1.835s] DEBUG:colcon:Parsed command line arguments: Namespace(log_base=None, log_level=None, verb_name='build', build_base='build', install_base='install', merge_install=False, symlink_install=False, test_result_base=None, continue_on_error=False, executor='parallel', parallel_workers=8, event_handlers=None, ignore_user_meta=False, metas=['./colcon.meta'], base_paths=['.'], packages_ignore=None, packages_ignore_regex=None, paths=None, packages_up_to=None, packages_up_to_regex=None, packages_above=None, packages_above_and_dependencies=None, packages_above_depth=None, packages_select_by_dep=None, packages_skip_by_dep=None, packages_skip_up_to=None, packages_select_build_failed=False, packages_skip_build_finished=False, packages_select_test_failures=False, packages_skip_test_passed=False, packages_select=None, packages_skip=None, packages_select_regex=None, packages_skip_regex=None, packages_start=None, packages_end=None, allow_overriding=[], cmake_args=None, cmake_target=None, cmake_target_skip_unavailable=False, cmake_clean_cache=False, cmake_clean_first=False, cmake_force_configure=False, ament_cmake_args=None, catkin_cmake_args=None, catkin_skip_building_tests=False, verb_parser=<colcon_defaults.argument_parser.defaults.DefaultArgumentsDecorator object at 0x7a8146d19780>, verb_extension=<colcon_core.verb.build.BuildVerb object at 0x7a8146e363e0>, main=<bound method BuildVerb.main of <colcon_core.verb.build.BuildVerb object at 0x7a8146e363e0>>)
[4.250s] Level 1:colcon.colcon_core.package_discovery:discover_packages(colcon_meta) check parameters
[4.250s] Level 1:colcon.colcon_core.package_discovery:discover_packages(recursive) check parameters
[4.250s] Level 1:colcon.colcon_core.package_discovery:discover_packages(ignore) check parameters
[4.250s] Level 1:colcon.colcon_core.package_discovery:discover_packages(path) check parameters
[4.250s] Level 1:colcon.colcon_core.package_discovery:discover_packages(colcon_meta) discover
[4.250s] Level 1:colcon.colcon_core.package_discovery:discover_packages(recursive) discover
[4.250s] INFO:colcon.colcon_core.package_discovery:Crawling recursively for packages in '/home/yusuf/mission_act_ws'
[4.250s] Level 1:colcon.colcon_core.package_identification:_identify(.) by extensions ['ignore', 'ignore_ament_install']
[4.250s] Level 1:colcon.colcon_core.package_identification:_identify(.) by extension 'ignore'
[4.251s] Level 1:colcon.colcon_core.package_identification:_identify(.) by extension 'ignore_ament_install'
[4.251s] Level 1:colcon.colcon_core.package_identification:_identify(.) by extensions ['colcon_pkg']
[4.251s] Level 1:colcon.colcon_core.package_identification:_identify(.) by extension 'colcon_pkg'
[4.251s] Level 1:colcon.colcon_core.package_identification:_identify(.) by extensions ['colcon_meta']
[4.251s] Level 1:colcon.colcon_core.package_identification:_identify(.) by extension 'colcon_meta'
[4.251s] Level 1:colcon.colcon_core.package_identification:_identify(.) by extensions ['ros']
[4.251s] Level 1:colcon.colcon_core.package_identification:_identify(.) by extension 'ros'
[4.285s] Level 1:colcon.colcon_core.package_identification:_identify(.) by extensions ['cmake', 'python']
[4.285s] Level 1:colcon.colcon_core.package_identification:_identify(.) by extension 'cmake'
[4.285s] Level 1:colcon.colcon_core.package_identification:_identify(.) by extension 'python'
[4.285s] Level 1:colcon.colcon_core.package_identification:_identify(.) by extensions ['python_setup_py']
[4.285s] Level 1:colcon.colcon_core.package_identification:_identify(.) by extension 'python_setup_py'
[4.286s] Level 1:colcon.colcon_core.package_identification:_identify(build) by extensions ['ignore', 'ignore_ament_install']
[4.286s] Level 1:colcon.colcon_core.package_identification:_identify(build) by extension 'ignore'
[4.286s] Level 1:colcon.colcon_core.package_identification:_identify(build) ignored
[4.286s] Level 1:colcon.colcon_core.package_identification:_identify(install) by extensions ['ignore', 'ignore_ament_install']
[4.286s] Level 1:colcon.colcon_core.package_identification:_identify(install) by extension 'ignore'
[4.286s] Level 1:colcon.colcon_core.package_identification:_identify(install) ignored
[4.287s] Level 1:colcon.colcon_core.package_identification:_identify(log) by extensions ['ignore', 'ignore_ament_install']
[4.287s] Level 1:colcon.colcon_core.package_identification:_identify(log) by extension 'ignore'
[4.287s] Level 1:colcon.colcon_core.package_identification:_identify(log) ignored
[4.287s] Level 1:colcon.colcon_core.package_identification:_identify(src) by extensions ['ignore', 'ignore_ament_install']
[4.287s] Level 1:colcon.colcon_core.package_identification:_identify(src) by extension 'ignore'
[4.287s] Level 1:colcon.colcon_core.package_identification:_identify(src) by extension 'ignore_ament_install'
[4.287s] Level 1:colcon.colcon_core.package_identification:_identify(src) by extensions ['colcon_pkg']
[4.287s] Level 1:colcon.colcon_core.package_identification:_identify(src) by extension 'colcon_pkg'
[4.287s] Level 1:colcon.colcon_core.package_identification:_identify(src) by extensions ['colcon_meta']
[4.287s] Level 1:colcon.colcon_core.package_identification:_identify(src) by extension 'colcon_meta'
[4.287s] Level 1:colcon.colcon_core.package_identification:_identify(src) by extensions ['ros']
[4.287s] Level 1:colcon.colcon_core.package_identification:_identify(src) by extension 'ros'
[4.288s] Level 1:colcon.colcon_core.package_identification:_identify(src) by extensions ['cmake', 'python']
[4.288s] Level 1:colcon.colcon_core.package_identification:_identify(src) by extension 'cmake'
[4.288s] Level 1:colcon.colcon_core.package_identification:_identify(src) by extension 'python'
[4.288s] Level 1:colcon.colcon_core.package_identification:_identify(src) by extensions ['python_setup_py']
[4.288s] Level 1:colcon.colcon_core.package_identification:_identify(src) by extension 'python_setup_py'
[4.288s] Level 1:colcon.colcon_core.package_identification:_identify(src/mission_act) by extensions ['ignore', 'ignore_ament_install']
[4.288s] Level 1:colcon.colcon_core.package_identification:_identify(src/mission_act) by extension 'ignore'
[4.288s] Level 1:colcon.colcon_core.package_identification:_identify(src/mission_act) by extension 'ignore_ament_install'
[4.288s] Level 1:colcon.colcon_core.package_identification:_identify(src/mission_act) by extensions ['colcon_pkg']
[4.288s] Level 1:colcon.colcon_core.package_identification:_identify(src/mission_act) by extension 'colcon_pkg'
[4.288s] Level 1:colcon.colcon_core.package_identification:_identify(src/mission_act) by extensions ['colcon_meta']
[4.288s] Level 1:colcon.colcon_core.package_identification:_identify(src/mission_act) by extension 'colcon_meta'
[4.288s] Level 1:colcon.colcon_core.package_identification:_identify(src/mission_act) by extensions ['ros']
[4.288s] Level 1:colcon.colcon_core.package_identification:_identify(src/mission_act) by extension 'ros'
[4.295s] DEBUG:colcon.colcon_core.package_identification:Package 'src/mission_act' with type 'ros.ament_python' and name 'mission_act'
[4.297s] Level 1:colcon.colcon_core.package_discovery:discover_packages(recursive) using defaults
[4.298s] Level 1:colcon.colcon_core.package_discovery:discover_packages(ignore) discover
[4.299s] Level 1:colcon.colcon_core.package_discovery:discover_packages(ignore) using defaults
[4.299s] Level 1:colcon.colcon_core.package_discovery:discover_packages(path) discover
[4.299s] Level 1:colcon.colcon_core.package_discovery:discover_packages(path) using defaults
[4.363s] Level 1:colcon.colcon_core.package_discovery:discover_packages(prefix_path) check parameters
[4.363s] Level 1:colcon.colcon_core.package_discovery:discover_packages(prefix_path) discover
[4.366s] DEBUG:colcon.colcon_installed_package_information.package_discovery:Found 1 installed packages in /home/yusuf/mission_act_ws/install
[4.367s] DEBUG:colcon.colcon_installed_package_information.package_discovery:Found 2 installed packages in /home/yusuf/actions_ws/install
[4.399s] DEBUG:colcon.colcon_installed_package_information.package_discovery:Found 1 installed packages in /home/yusuf/mission_ws/install
[4.400s] DEBUG:colcon.colcon_installed_package_information.package_discovery:Found 1 installed packages in /home/yusuf/pub_sub_ws/install
[4.401s] DEBUG:colcon.colcon_installed_package_information.package_discovery:Found 3 installed packages in /home/yusuf/turtlebot3_ws/install
[4.404s] DEBUG:colcon.colcon_installed_package_information.package_discovery:Found 390 installed packages in /opt/ros/humble
[4.406s] Level 1:colcon.colcon_core.package_discovery:discover_packages(prefix_path) using defaults
[4.637s] Level 5:colcon.colcon_core.verb:set package 'mission_act' build argument 'cmake_args' from command line to 'None'
[4.638s] Level 5:colcon.colcon_core.verb:set package 'mission_act' build argument 'cmake_target' from command line to 'None'
[4.638s] Level 5:colcon.colcon_core.verb:set package 'mission_act' build argument 'cmake_target_skip_unavailable' from command line to 'False'
[4.638s] Level 5:colcon.colcon_core.verb:set package 'mission_act' build argument 'cmake_clean_cache' from command line to 'False'
[4.638s] Level 5:colcon.colcon_core.verb:set package 'mission_act' build argument 'cmake_clean_first' from command line to 'False'
[4.638s] Level 5:colcon.colcon_core.verb:set package 'mission_act' build argument 'cmake_force_configure' from command line to 'False'
[4.638s] Level 5:colcon.colcon_core.verb:set package 'mission_act' build argument 'ament_cmake_args' from command line to 'None'
[4.638s] Level 5:colcon.colcon_core.verb:set package 'mission_act' build argument 'catkin_cmake_args' from command line to 'None'
[4.638s] Level 5:colcon.colcon_core.verb:set package 'mission_act' build argument 'catkin_skip_building_tests' from command line to 'False'
[4.638s] DEBUG:colcon.colcon_core.verb:Building package 'mission_act' with the following arguments: {'ament_cmake_args': None, 'build_base': '/home/yusuf/mission_act_ws/build/mission_act', 'catkin_cmake_args': None, 'catkin_skip_building_tests': False, 'cmake_args': None, 'cmake_clean_cache': False, 'cmake_clean_first': False, 'cmake_force_configure': False, 'cmake_target': None, 'cmake_target_skip_unavailable': False, 'install_base': '/home/yusuf/mission_act_ws/install/mission_act', 'merge_install': False, 'path': '/home/yusuf/mission_act_ws/src/mission_act', 'symlink_install': False, 'test_result_base': None}
[4.639s] INFO:colcon.colcon_core.executor:Executing jobs using 'parallel' executor
[4.641s] DEBUG:colcon.colcon_parallel_executor.executor.parallel:run_until_complete
[4.642s] INFO:colcon.colcon_ros.task.ament_python.build:Building ROS package in '/home/yusuf/mission_act_ws/src/mission_act' with build type 'ament_python'
[4.642s] Level 1:colcon.colcon_core.shell:create_environment_hook('mission_act', 'ament_prefix_path')
[4.647s] INFO:colcon.colcon_core.plugin_system:Skipping extension 'colcon_core.shell.bat': Not used on non-Windows systems
[4.647s] INFO:colcon.colcon_core.shell:Creating environment hook '/home/yusuf/mission_act_ws/install/mission_act/share/mission_act/hook/ament_prefix_path.ps1'
[4.648s] INFO:colcon.colcon_core.shell:Creating environment descriptor '/home/yusuf/mission_act_ws/install/mission_act/share/mission_act/hook/ament_prefix_path.dsv'
[4.649s] INFO:colcon.colcon_core.shell:Creating environment hook '/home/yusuf/mission_act_ws/install/mission_act/share/mission_act/hook/ament_prefix_path.sh'
[4.652s] INFO:colcon.colcon_core.shell:Skip shell extension 'powershell' for command environment: Not usable outside of PowerShell
[4.652s] DEBUG:colcon.colcon_core.shell:Skip shell extension 'dsv' for command environment
[5.384s] INFO:colcon.colcon_core.task.python.build:Building Python package in '/home/yusuf/mission_act_ws/src/mission_act'
[5.385s] INFO:colcon.colcon_core.shell:Skip shell extension 'powershell' for command environment: Not usable outside of PowerShell
[5.385s] DEBUG:colcon.colcon_core.shell:Skip shell extension 'dsv' for command environment
[6.510s] DEBUG:colcon.colcon_core.event_handler.log_command:Invoking command in '/home/yusuf/mission_act_ws/src/mission_act': PYTHONPATH=/home/yusuf/mission_act_ws/build/mission_act/prefix_override:/home/yusuf/mission_act_ws/install/mission_act/lib/python3.10/site-packages:${PYTHONPATH} /usr/bin/python3 -W ignore:setup.py install is deprecated setup.py egg_info --egg-base ../../build/mission_act build --build-base /home/yusuf/mission_act_ws/build/mission_act/build install --record /home/yusuf/mission_act_ws/build/mission_act/install.log --single-version-externally-managed install_data
[7.371s] DEBUG:colcon.colcon_core.event_handler.log_command:Invoked command in '/home/yusuf/mission_act_ws/src/mission_act' returned '0': PYTHONPATH=/home/yusuf/mission_act_ws/build/mission_act/prefix_override:/home/yusuf/mission_act_ws/install/mission_act/lib/python3.10/site-packages:${PYTHONPATH} /usr/bin/python3 -W ignore:setup.py install is deprecated setup.py egg_info --egg-base ../../build/mission_act build --build-base /home/yusuf/mission_act_ws/build/mission_act/build install --record /home/yusuf/mission_act_ws/build/mission_act/install.log --single-version-externally-managed install_data
[7.380s] Level 1:colcon.colcon_core.environment:checking '/home/yusuf/mission_act_ws/install/mission_act' for CMake module files
[7.381s] Level 1:colcon.colcon_core.environment:checking '/home/yusuf/mission_act_ws/install/mission_act' for CMake config files
[7.383s] Level 1:colcon.colcon_core.environment:checking '/home/yusuf/mission_act_ws/install/mission_act/lib'
[7.384s] Level 1:colcon.colcon_core.environment:checking '/home/yusuf/mission_act_ws/install/mission_act/bin'
[7.384s] Level 1:colcon.colcon_core.environment:checking '/home/yusuf/mission_act_ws/install/mission_act/lib/pkgconfig/mission_act.pc'
[7.384s] Level 1:colcon.colcon_core.environment:checking '/home/yusuf/mission_act_ws/install/mission_act/lib/python3.10/site-packages'
[7.384s] Level 1:colcon.colcon_core.shell:create_environment_hook('mission_act', 'pythonpath')
[7.385s] INFO:colcon.colcon_core.shell:Creating environment hook '/home/yusuf/mission_act_ws/install/mission_act/share/mission_act/hook/pythonpath.ps1'
[7.386s] INFO:colcon.colcon_core.shell:Creating environment descriptor '/home/yusuf/mission_act_ws/install/mission_act/share/mission_act/hook/pythonpath.dsv'
[7.387s] INFO:colcon.colcon_core.shell:Creating environment hook '/home/yusuf/mission_act_ws/install/mission_act/share/mission_act/hook/pythonpath.sh'
[7.387s] Level 1:colcon.colcon_core.environment:checking '/home/yusuf/mission_act_ws/install/mission_act/bin'
[7.388s] Level 1:colcon.colcon_core.environment:create_environment_scripts_only(mission_act)
[7.388s] INFO:colcon.colcon_core.shell:Creating package script '/home/yusuf/mission_act_ws/install/mission_act/share/mission_act/package.ps1'
[7.390s] INFO:colcon.colcon_core.shell:Creating package descriptor '/home/yusuf/mission_act_ws/install/mission_act/share/mission_act/package.dsv'
[7.390s] INFO:colcon.colcon_core.shell:Creating package script '/home/yusuf/mission_act_ws/install/mission_act/share/mission_act/package.sh'
[7.392s] INFO:colcon.colcon_core.shell:Creating package script '/home/yusuf/mission_act_ws/install/mission_act/share/mission_act/package.bash'
[7.393s] INFO:colcon.colcon_core.shell:Creating package script '/home/yusuf/mission_act_ws/install/mission_act/share/mission_act/package.zsh'
[7.395s] Level 1:colcon.colcon_core.environment:create_file_with_runtime_dependencies(/home/yusuf/mission_act_ws/install/mission_act/share/colcon-core/packages/mission_act)
[7.396s] DEBUG:colcon.colcon_parallel_executor.executor.parallel:closing loop
[7.397s] DEBUG:colcon.colcon_parallel_executor.executor.parallel:loop closed
[7.397s] DEBUG:colcon.colcon_parallel_executor.executor.parallel:run_until_complete finished with '0'
[7.397s] DEBUG:colcon.colcon_core.event_reactor:joining thread
[7.418s] INFO:colcon.colcon_core.plugin_system:Skipping extension 'colcon_notification.desktop_notification.terminal_notifier': Not used on non-Darwin systems
[7.419s] INFO:colcon.colcon_core.plugin_system:Skipping extension 'colcon_notification.desktop_notification.win32': Not used on non-Windows systems
[7.419s] INFO:colcon.colcon_notification.desktop_notification:Sending desktop notification using 'notify2'
[7.443s] DEBUG:colcon.colcon_core.event_reactor:joined thread
[7.447s] INFO:colcon.colcon_core.shell:Creating prefix script '/home/yusuf/mission_act_ws/install/local_setup.ps1'
[7.453s] INFO:colcon.colcon_core.shell:Creating prefix util module '/home/yusuf/mission_act_ws/install/_local_setup_util_ps1.py'
[7.457s] INFO:colcon.colcon_core.shell:Creating prefix chain script '/home/yusuf/mission_act_ws/install/setup.ps1'
[7.460s] INFO:colcon.colcon_core.shell:Creating prefix script '/home/yusuf/mission_act_ws/install/local_setup.sh'
[7.464s] INFO:colcon.colcon_core.shell:Creating prefix util module '/home/yusuf/mission_act_ws/install/_local_setup_util_sh.py'
[7.467s] INFO:colcon.colcon_core.shell:Creating prefix chain script '/home/yusuf/mission_act_ws/install/setup.sh'
[7.470s] INFO:colcon.colcon_core.shell:Creating prefix script '/home/yusuf/mission_act_ws/install/local_setup.bash'
[7.472s] INFO:colcon.colcon_core.shell:Creating prefix chain script '/home/yusuf/mission_act_ws/install/setup.bash'
[7.476s] INFO:colcon.colcon_core.shell:Creating prefix script '/home/yusuf/mission_act_ws/install/local_setup.zsh'
[7.477s] INFO:colcon.colcon_core.shell:Creating prefix chain script '/home/yusuf/mission_act_ws/install/setup.zsh'
