[0.572s] Invoking command in '/home/yusuf/mission_act_ws/src/mission_act': PYTHONPATH=/home/yusuf/mission_act_ws/build/mission_act/prefix_override:/home/yusuf/mission_act_ws/install/mission_act/lib/python3.10/site-packages:${PYTHONPATH} /usr/bin/python3 -W ignore:setup.py install is deprecated setup.py egg_info --egg-base ../../build/mission_act build --build-base /home/yusuf/mission_act_ws/build/mission_act/build install --record /home/yusuf/mission_act_ws/build/mission_act/install.log --single-version-externally-managed install_data
[0.797s] running egg_info
[0.797s] writing ../../build/mission_act/mission_act.egg-info/PKG-INFO
[0.797s] writing dependency_links to ../../build/mission_act/mission_act.egg-info/dependency_links.txt
[0.797s] writing entry points to ../../build/mission_act/mission_act.egg-info/entry_points.txt
[0.798s] writing requirements to ../../build/mission_act/mission_act.egg-info/requires.txt
[0.798s] writing top-level names to ../../build/mission_act/mission_act.egg-info/top_level.txt
[0.799s] reading manifest file '../../build/mission_act/mission_act.egg-info/SOURCES.txt'
[0.800s] writing manifest file '../../build/mission_act/mission_act.egg-info/SOURCES.txt'
[0.800s] running build
[0.800s] running build_py
[0.800s] copying mission_act/act_mis.py -> /home/yusuf/mission_act_ws/build/mission_act/build/lib/mission_act
[0.801s] running install
[0.801s] running install_lib
[0.801s] copying /home/yusuf/mission_act_ws/build/mission_act/build/lib/mission_act/act_mis.py -> /home/yusuf/mission_act_ws/install/mission_act/lib/python3.10/site-packages/mission_act
[0.802s] byte-compiling /home/yusuf/mission_act_ws/install/mission_act/lib/python3.10/site-packages/mission_act/act_mis.py to act_mis.cpython-310.pyc
[0.803s] running install_data
[0.803s] running install_egg_info
[0.806s] removing '/home/yusuf/mission_act_ws/install/mission_act/lib/python3.10/site-packages/mission_act-0.0.0-py3.10.egg-info' (and everything under it)
[0.806s] Copying ../../build/mission_act/mission_act.egg-info to /home/yusuf/mission_act_ws/install/mission_act/lib/python3.10/site-packages/mission_act-0.0.0-py3.10.egg-info
[0.806s] running install_scripts
[0.824s] Installing mission script to /home/yusuf/mission_act_ws/install/mission_act/lib/mission_act
[0.825s] writing list of installed files to '/home/yusuf/mission_act_ws/build/mission_act/install.log'
[0.852s] Invoked command in '/home/yusuf/mission_act_ws/src/mission_act' returned '0': PYTHONPATH=/home/yusuf/mission_act_ws/build/mission_act/prefix_override:/home/yusuf/mission_act_ws/install/mission_act/lib/python3.10/site-packages:${PYTHONPATH} /usr/bin/python3 -W ignore:setup.py install is deprecated setup.py egg_info --egg-base ../../build/mission_act build --build-base /home/yusuf/mission_act_ws/build/mission_act/build install --record /home/yusuf/mission_act_ws/build/mission_act/install.log --single-version-externally-managed install_data
