running egg_info
creating ../../build/mission_act/mission_act.egg-info
writing ../../build/mission_act/mission_act.egg-info/PKG-INFO
writing dependency_links to ../../build/mission_act/mission_act.egg-info/dependency_links.txt
writing entry points to ../../build/mission_act/mission_act.egg-info/entry_points.txt
writing requirements to ../../build/mission_act/mission_act.egg-info/requires.txt
writing top-level names to ../../build/mission_act/mission_act.egg-info/top_level.txt
writing manifest file '../../build/mission_act/mission_act.egg-info/SOURCES.txt'
reading manifest file '../../build/mission_act/mission_act.egg-info/SOURCES.txt'
writing manifest file '../../build/mission_act/mission_act.egg-info/SOURCES.txt'
running build
running build_py
creating /home/yusuf/mission_act_ws/build/mission_act/build
creating /home/yusuf/mission_act_ws/build/mission_act/build/lib
creating /home/yusuf/mission_act_ws/build/mission_act/build/lib/mission_act
copying mission_act/__init__.py -> /home/yusuf/mission_act_ws/build/mission_act/build/lib/mission_act
copying mission_act/act_mis.py -> /home/yusuf/mission_act_ws/build/mission_act/build/lib/mission_act
copying mission_act/AprilTagModule.py -> /home/yusuf/mission_act_ws/build/mission_act/build/lib/mission_act
running install
running install_lib
creating /home/yusuf/mission_act_ws/install/mission_act/lib/python3.10/site-packages/mission_act
copying /home/yusuf/mission_act_ws/build/mission_act/build/lib/mission_act/__init__.py -> /home/yusuf/mission_act_ws/install/mission_act/lib/python3.10/site-packages/mission_act
copying /home/yusuf/mission_act_ws/build/mission_act/build/lib/mission_act/act_mis.py -> /home/yusuf/mission_act_ws/install/mission_act/lib/python3.10/site-packages/mission_act
copying /home/yusuf/mission_act_ws/build/mission_act/build/lib/mission_act/AprilTagModule.py -> /home/yusuf/mission_act_ws/install/mission_act/lib/python3.10/site-packages/mission_act
byte-compiling /home/yusuf/mission_act_ws/install/mission_act/lib/python3.10/site-packages/mission_act/__init__.py to __init__.cpython-310.pyc
byte-compiling /home/yusuf/mission_act_ws/install/mission_act/lib/python3.10/site-packages/mission_act/act_mis.py to act_mis.cpython-310.pyc
byte-compiling /home/yusuf/mission_act_ws/install/mission_act/lib/python3.10/site-packages/mission_act/AprilTagModule.py to AprilTagModule.cpython-310.pyc
running install_data
creating /home/yusuf/mission_act_ws/install/mission_act/share/ament_index
creating /home/yusuf/mission_act_ws/install/mission_act/share/ament_index/resource_index
creating /home/yusuf/mission_act_ws/install/mission_act/share/ament_index/resource_index/packages
copying resource/mission_act -> /home/yusuf/mission_act_ws/install/mission_act/share/ament_index/resource_index/packages
copying package.xml -> /home/yusuf/mission_act_ws/install/mission_act/share/mission_act
running install_egg_info
Copying ../../build/mission_act/mission_act.egg-info to /home/yusuf/mission_act_ws/install/mission_act/lib/python3.10/site-packages/mission_act-0.0.0-py3.10.egg-info
running install_scripts
Installing mission script to /home/yusuf/mission_act_ws/install/mission_act/lib/mission_act
writing list of installed files to '/home/yusuf/mission_act_ws/build/mission_act/install.log'
